08-04-2019 19:50:14.024 INFO  com.coop.BackendApplication.logStarting Starting BackendApplication on coperativapc-desktop with PID 10882 (/home/coperativapc/Documents/workspace-MP-Spring/backend/target/classes started by coperativapc in /home/coperativapc/Documents/workspace-MP-Spring/backend)
08-04-2019 19:50:14.026 INFO  com.coop.BackendApplication.logStartupProfileInfo No active profile set, falling back to default profiles: default
08-04-2019 19:50:14.058 INFO  o.s.b.d.e.DevToolsPropertyDefaultsPostProcessor.logTo Devtools property defaults active! Set 'spring.devtools.add-properties' to 'false' to disable
08-04-2019 19:50:14.058 INFO  o.s.b.d.e.DevToolsPropertyDefaultsPostProcessor.logTo For additional web related logging consider setting the 'logging.level.web' property to 'DEBUG'
08-04-2019 19:50:15.130 INFO  o.s.d.r.c.RepositoryConfigurationDelegate.registerRepositoriesIn Bootstrapping Spring Data repositories in DEFAULT mode.
08-04-2019 19:50:15.207 INFO  o.s.d.r.c.RepositoryConfigurationDelegate.registerRepositoriesIn Finished Spring Data repository scanning in 72ms. Found 5 repository interfaces.
08-04-2019 19:50:15.427 INFO  o.s.c.s.PostProcessorRegistrationDelegate$BeanPostProcessorChecker.postProcessAfterInitialization Bean 'org.springframework.transaction.annotation.ProxyTransactionManagementConfiguration' of type [org.springframework.transaction.annotation.ProxyTransactionManagementConfiguration$$EnhancerBySpringCGLIB$$1c5250ae] is not eligible for getting processed by all BeanPostProcessors (for example: not eligible for auto-proxying)
08-04-2019 19:50:15.748 INFO  o.s.b.w.e.tomcat.TomcatWebServer.initialize Tomcat initialized with port(s): 8080 (http)
08-04-2019 19:50:15.764 INFO  o.a.catalina.core.StandardService.log Starting service [Tomcat]
08-04-2019 19:50:15.764 INFO  o.a.catalina.core.StandardEngine.log Starting Servlet engine: [Apache Tomcat/9.0.16]
08-04-2019 19:50:15.779 INFO  o.a.c.core.AprLifecycleListener.log The APR based Apache Tomcat Native library which allows optimal performance in production environments was not found on the java.library.path: [/usr/java/packages/lib/amd64:/usr/lib/x86_64-linux-gnu/jni:/lib/x86_64-linux-gnu:/usr/lib/x86_64-linux-gnu:/usr/lib/jni:/lib:/usr/lib]
08-04-2019 19:50:15.826 INFO  o.a.c.c.C.[Tomcat].[localhost].[/].log Initializing Spring embedded WebApplicationContext
08-04-2019 19:50:15.827 INFO  o.s.web.context.ContextLoader.prepareWebApplicationContext Root WebApplicationContext: initialization completed in 1769 ms
08-04-2019 19:50:15.973 INFO  com.zaxxer.hikari.HikariDataSource.getConnection HikariPool-1 - Starting...
08-04-2019 19:50:16.187 INFO  com.zaxxer.hikari.HikariDataSource.getConnection HikariPool-1 - Start completed.
08-04-2019 19:50:16.308 INFO  o.h.jpa.internal.util.LogHelper.logPersistenceUnitInformation HHH000204: Processing PersistenceUnitInfo [
	name: default
	...]
08-04-2019 19:50:16.352 INFO  org.hibernate.Version.logVersion HHH000412: Hibernate Core {5.3.7.Final}
08-04-2019 19:50:16.353 INFO  org.hibernate.cfg.Environment.<clinit> HHH000206: hibernate.properties not found
08-04-2019 19:50:16.536 INFO  o.h.annotations.common.Version.<clinit> HCANN000001: Hibernate Commons Annotations {5.0.4.Final}
08-04-2019 19:50:16.630 INFO  org.hibernate.dialect.Dialect.<init> HHH000400: Using dialect: org.hibernate.dialect.MySQL57Dialect
08-04-2019 19:50:23.780 INFO  o.s.o.j.LocalContainerEntityManagerFactoryBean.buildNativeEntityManagerFactory Initialized JPA EntityManagerFactory for persistence unit 'default'
08-04-2019 19:50:23.884 INFO  o.s.b.d.a.OptionalLiveReloadServer.startServer LiveReload server is running on port 35729
08-04-2019 19:50:24.301 WARN  o.s.b.a.o.j.JpaBaseConfiguration$JpaWebConfiguration$JpaWebMvcConfiguration.openEntityManagerInViewInterceptor spring.jpa.open-in-view is enabled by default. Therefore, database queries may be performed during view rendering. Explicitly configure spring.jpa.open-in-view to disable this warning
08-04-2019 19:50:24.393 INFO  s.d.s.w.PropertySourcedRequestMappingHandlerMapping.initHandlerMethods Mapped URL path [/v2/api-docs] onto method [public org.springframework.http.ResponseEntity<springfox.documentation.spring.web.json.Json> springfox.documentation.swagger2.web.Swagger2Controller.getDocumentation(java.lang.String,javax.servlet.http.HttpServletRequest)]
08-04-2019 19:50:24.476 INFO  o.s.s.c.ThreadPoolTaskExecutor.initialize Initializing ExecutorService 'applicationTaskExecutor'
08-04-2019 19:50:24.516 INFO  o.s.b.a.w.s.WelcomePageHandlerMapping.<init> Adding welcome page: class path resource [static/index.html]
08-04-2019 19:50:24.576 INFO  s.d.s.w.p.DocumentationPluginsBootstrapper.start Context refreshed
08-04-2019 19:50:24.586 INFO  s.d.s.w.p.DocumentationPluginsBootstrapper.start Found 1 custom documentation plugin(s)
08-04-2019 19:50:24.608 INFO  s.d.s.w.s.ApiListingReferenceScanner.scan Scanning for api listing references
08-04-2019 19:50:24.724 INFO  s.d.s.w.r.o.CachingOperationNameGenerator.startingWith Generating unique operation named: addUsingPOST_1
08-04-2019 19:50:24.725 INFO  s.d.s.w.r.o.CachingOperationNameGenerator.startingWith Generating unique operation named: deleteUsingDELETE_1
08-04-2019 19:50:24.727 INFO  s.d.s.w.r.o.CachingOperationNameGenerator.startingWith Generating unique operation named: listUsingGET_1
08-04-2019 19:50:24.728 INFO  s.d.s.w.r.o.CachingOperationNameGenerator.startingWith Generating unique operation named: loadUsingGET_1
08-04-2019 19:50:24.729 INFO  s.d.s.w.r.o.CachingOperationNameGenerator.startingWith Generating unique operation named: updateUsingPUT_1
08-04-2019 19:50:24.778 INFO  o.s.b.w.e.tomcat.TomcatWebServer.start Tomcat started on port(s): 8080 (http) with context path ''
08-04-2019 19:50:24.779 INFO  com.coop.BackendApplication.logStarted Started BackendApplication in 11.403 seconds (JVM running for 12.023)
08-04-2019 19:50:34.676 INFO  o.a.c.c.C.[Tomcat].[localhost].[/].log Initializing Spring DispatcherServlet 'dispatcherServlet'
08-04-2019 19:50:34.677 INFO  o.s.web.servlet.DispatcherServlet.initServletBean Initializing Servlet 'dispatcherServlet'
08-04-2019 19:50:34.682 INFO  o.s.web.servlet.DispatcherServlet.initServletBean Completed initialization in 5 ms
